古诗文网：（https://www.gushiwen.org/index.aspx）
    1.打开首页，将右侧 (诗文,名句,作者)三项抓取保存到数据库中
    2.获取右侧诗文的各个分类链接，进入诗文详情页：
          抓取：诗文体裁
          抓取：诗的标题,作者， 【进入诗词详情页之前，先根据作者信息过虑，每个作者只有一篇诗词进入诗词详情页】
    3.获取诗词标题的链接，进入诗词详情页：
         抓取： 诗词内容，译文及注释，赏析，形式（形式：诗,词,曲,文言文）,根据详情页中的关键字判断形式
         抓取： 朝代
         抓取： 诗词的多个分类
         抓取： 作者姓名，与作者简介，诗文总数
         抓取： 根据 作者诗文总数 的链接，获取作者的所有诗词
         抓取： 根据 作者姓名的链接，获取作者的所有信息，【每个作者的信息不一样，这里还要单独再建字段】

     4.上面完了之后就抓取古籍栏目（https://so.gushiwen.org/guwen/）
          1.打开古籍栏目，获取各个分类对应的古籍书名，简介
          2.根据书名进入书的目录页，抓取目录列表信息
          3.根据目录信息，抓取具体的内容


     5.名句栏目抓取，在上面都进行完了之后再进行
         抓取：根据名句主题到名句页抓取名句二级栏目和对应的名句列表，


诗词名句网：  【http://www.shicimingju.com】
   1.抓取作者合称大全
   2.抓取作者称号
   3.抓取其他 这个栏目的信息

